<?xml version="1.0" encoding="UTF-8"?>
<!-- Generated by org.testng.reporters.JUnitReportReporter -->
<testsuite hostname="LAPTOP-IF1N6R8V" failures="0" tests="1" name="tests.BaseClass" time="1.091" errors="0" timestamp="08 Sep 2020 14:51:13 GMT" skipped="0">
  <testcase classname="tests.BaseClass" name="testtwo" time="1.091"/>
</testsuite> <!-- tests.BaseClass -->
