<?xml version="1.0" encoding="UTF-8"?>
<!-- Generated by org.testng.reporters.JUnitReportReporter -->
<testsuite hostname="LAPTOP-IF1N6R8V" failures="0" tests="2" name="tests.Tests" time="2.091" errors="0" timestamp="2020-09-09T14:31:28 BST" skipped="0">
  <testcase classname="tests.Tests" name="testone" time="0.033"/>
  <system-out/>
  <testcase classname="tests.Tests" name="testtwo" time="2.058"/>
  <system-out/>
</testsuite> <!-- tests.Tests -->
